わるたま/わるたま/build/outputs/logs/manifest-merger-debug-report.txt
-- Merging decision tree log ---
manifest
ADDED from src/main/AndroidManifest.xml:2:1-63:12
	package
		ADDED from src/main/AndroidManifest.xml:2:70-94
		INJECTED from src/main/AndroidManifest.xml
		INJECTED from src/main/AndroidManifest.xml
	android:versionName
		ADDED from src/main/AndroidManifest.xml:2:95-120
		INJECTED from src/main/AndroidManifest.xml
		INJECTED from src/main/AndroidManifest.xml
	android:versionCode
		ADDED from src/main/AndroidManifest.xml:2:121-144
		INJECTED from src/main/AndroidManifest.xml
		INJECTED from src/main/AndroidManifest.xml
	xmlns:android
		ADDED from src/main/AndroidManifest.xml:2:11-69
	android:installLocation
		ADDED from src/main/AndroidManifest.xml:2:145-185
uses-sdk
ADDED from src/main/AndroidManifest.xml:4:3-72
MERGED from [わるたま:unityadsrelease:unspecified] AndroidManifest.xml:8:5-10:40
MERGED from [com.android.support:support-v4:23.0.0] AndroidManifest.xml:20:5-43
	android:targetSdkVersion
		ADDED from src/main/AndroidManifest.xml:4:40-69
		INJECTED from src/main/AndroidManifest.xml
		INJECTED from src/main/AndroidManifest.xml
	android:minSdkVersion
		ADDED from src/main/AndroidManifest.xml:4:13-39
		INJECTED from src/main/AndroidManifest.xml
		INJECTED from src/main/AndroidManifest.xml
uses-permission#com.google.android.c2dm.permission.RECEIVE
ADDED from src/main/AndroidManifest.xml:6:3-80
	android:name
		ADDED from src/main/AndroidManifest.xml:6:20-77
uses-permission#android.permission.WAKE_LOCK
ADDED from src/main/AndroidManifest.xml:7:3-66
	android:name
		ADDED from src/main/AndroidManifest.xml:7:20-63
permission#YOUR_PACKAGE_NAME.permission.C2D_MESSAGE
ADDED from src/main/AndroidManifest.xml:9:3-109
	android:protectionLevel
		ADDED from src/main/AndroidManifest.xml:9:71-106
	android:name
		ADDED from src/main/AndroidManifest.xml:9:15-70
uses-permission#YOUR_PACKAGE_NAME.permission.C2D_MESSAGE
ADDED from src/main/AndroidManifest.xml:11:3-78
	android:name
		ADDED from src/main/AndroidManifest.xml:11:20-75
application
ADDED from src/main/AndroidManifest.xml:13:3-57:19
MERGED from [わるたま:unityadsrelease:unspecified] AndroidManifest.xml:15:5-22:19
MERGED from [com.android.support:support-v4:23.0.0] AndroidManifest.xml:22:5-20
	android:label
		ADDED from src/main/AndroidManifest.xml:13:50-82
	android:debuggable
		ADDED from src/main/AndroidManifest.xml:13:83-109
	android:icon
		ADDED from src/main/AndroidManifest.xml:13:16-49
	android:banner
		ADDED from src/main/AndroidManifest.xml:13:132-169
	android:isGame
		ADDED from src/main/AndroidManifest.xml:13:110-131
activity#com.nifty.cloud.mb.ncmbgcmplugin.UnityPlayerProxyActivity
ADDED from src/main/AndroidManifest.xml:16:5-22:16
	android:label
		ADDED from src/main/AndroidManifest.xml:16:88-120
	android:configChanges
		ADDED from src/main/AndroidManifest.xml:16:121-278
	android:name
		ADDED from src/main/AndroidManifest.xml:16:15-87
intent-filter#android.intent.action.MAIN+android.intent.category.LAUNCHER+android.intent.category.LEANBACK_LAUNCHER
ADDED from src/main/AndroidManifest.xml:17:7-21:23
action#android.intent.action.MAIN
ADDED from src/main/AndroidManifest.xml:18:9-61
	android:name
		ADDED from src/main/AndroidManifest.xml:18:17-58
category#android.intent.category.LAUNCHER
ADDED from src/main/AndroidManifest.xml:19:9-69
	android:name
		ADDED from src/main/AndroidManifest.xml:19:19-66
category#android.intent.category.LEANBACK_LAUNCHER
ADDED from src/main/AndroidManifest.xml:20:9-78
	android:name
		ADDED from src/main/AndroidManifest.xml:20:19-75
activity#com.nifty.cloud.mb.ncmbgcmplugin.UnityPlayerActivity
ADDED from src/main/AndroidManifest.xml:23:5-24:16
	android:label
		ADDED from src/main/AndroidManifest.xml:23:114-146
	android:launchMode
		ADDED from src/main/AndroidManifest.xml:23:83-113
	android:configChanges
		ADDED from src/main/AndroidManifest.xml:23:147-304
	android:name
		ADDED from src/main/AndroidManifest.xml:23:15-82
activity#com.nifty.cloud.mb.ncmbgcmplugin.UnityPlayerNativeActivity
ADDED from src/main/AndroidManifest.xml:25:5-27:16
	android:label
		ADDED from src/main/AndroidManifest.xml:25:120-152
	android:launchMode
		ADDED from src/main/AndroidManifest.xml:25:89-119
	android:configChanges
		ADDED from src/main/AndroidManifest.xml:25:153-310
	android:name
		ADDED from src/main/AndroidManifest.xml:25:15-88
meta-data#unityplayer.ForwardNativeEventsToDalvik
ADDED from src/main/AndroidManifest.xml:26:7-96
	android:value
		ADDED from src/main/AndroidManifest.xml:26:73-93
	android:name
		ADDED from src/main/AndroidManifest.xml:26:18-72
activity#com.nifty.cloud.mb.ncmbgcmplugin.NCMBDialogActivity
ADDED from src/main/AndroidManifest.xml:29:5-30:16
	android:excludeFromRecents
		ADDED from src/main/AndroidManifest.xml:29:82-115
	android:launchMode
		ADDED from src/main/AndroidManifest.xml:29:116-151
	android:noHistory
		ADDED from src/main/AndroidManifest.xml:29:152-176
	android:theme
		ADDED from src/main/AndroidManifest.xml:29:177-234
	android:name
		ADDED from src/main/AndroidManifest.xml:29:15-81
receiver#com.nifty.cloud.mb.ncmbgcmplugin.NCMBGcmReceiver
ADDED from src/main/AndroidManifest.xml:32:5-39:16
	android:exported
		ADDED from src/main/AndroidManifest.xml:32:79-102
	android:permission
		ADDED from src/main/AndroidManifest.xml:32:103-163
	android:name
		ADDED from src/main/AndroidManifest.xml:32:15-78
intent-filter#YOUR_PACKAGE_NAME+com.google.android.c2dm.intent.RECEIVE+com.google.android.c2dm.intent.REGISTRATION
ADDED from src/main/AndroidManifest.xml:33:7-38:23
action#com.google.android.c2dm.intent.RECEIVE
ADDED from src/main/AndroidManifest.xml:34:9-73
	android:name
		ADDED from src/main/AndroidManifest.xml:34:17-70
category#YOUR_PACKAGE_NAME
ADDED from src/main/AndroidManifest.xml:36:9-54
	android:name
		ADDED from src/main/AndroidManifest.xml:36:19-51
action#com.google.android.c2dm.intent.REGISTRATION
ADDED from src/main/AndroidManifest.xml:37:9-78
	android:name
		ADDED from src/main/AndroidManifest.xml:37:17-75
service#com.nifty.cloud.mb.ncmbgcmplugin.NCMBDialogListenerService
ADDED from src/main/AndroidManifest.xml:42:5-46:15
	android:exported
		ADDED from src/main/AndroidManifest.xml:42:88-112
	android:name
		ADDED from src/main/AndroidManifest.xml:42:14-87
intent-filter#com.google.android.c2dm.intent.RECEIVE
ADDED from src/main/AndroidManifest.xml:43:7-45:23
service#com.nifty.cloud.mb.ncmbgcmplugin.NCMBInstanceIDListenerService
ADDED from src/main/AndroidManifest.xml:49:5-53:15
	android:exported
		ADDED from src/main/AndroidManifest.xml:49:92-116
	android:name
		ADDED from src/main/AndroidManifest.xml:49:14-91
intent-filter#com.google.android.gms.iid.InstanceID
ADDED from src/main/AndroidManifest.xml:50:7-52:23
action#com.google.android.gms.iid.InstanceID
ADDED from src/main/AndroidManifest.xml:51:9-72
	android:name
		ADDED from src/main/AndroidManifest.xml:51:17-69
service#com.nifty.cloud.mb.ncmbgcmplugin.RegistrationIntentService
ADDED from src/main/AndroidManifest.xml:55:5-56:15
	android:exported
		ADDED from src/main/AndroidManifest.xml:55:88-112
	android:name
		ADDED from src/main/AndroidManifest.xml:55:14-87
uses-feature#0x00020000
ADDED from src/main/AndroidManifest.xml:58:3-52
	android:glEsVersion
		ADDED from src/main/AndroidManifest.xml:58:17-49
uses-permission#android.permission.INTERNET
ADDED from src/main/AndroidManifest.xml:59:3-65
MERGED from [わるたま:unityadsrelease:unspecified] AndroidManifest.xml:13:5-67
	android:name
		ADDED from src/main/AndroidManifest.xml:59:20-62
uses-feature#android.hardware.touchscreen
ADDED from src/main/AndroidManifest.xml:60:3-88
	android:required
		ADDED from src/main/AndroidManifest.xml:60:61-85
	android:name
		ADDED from src/main/AndroidManifest.xml:60:17-60
uses-feature#android.hardware.touchscreen.multitouch
ADDED from src/main/AndroidManifest.xml:61:3-99
	android:required
		ADDED from src/main/AndroidManifest.xml:61:72-96
	android:name
		ADDED from src/main/AndroidManifest.xml:61:17-71
uses-feature#android.hardware.touchscreen.multitouch.distinct
ADDED from src/main/AndroidManifest.xml:62:3-108
	android:required
		ADDED from src/main/AndroidManifest.xml:62:81-105
	android:name
		ADDED from src/main/AndroidManifest.xml:62:17-80
uses-permission#android.permission.ACCESS_NETWORK_STATE
ADDED from [わるたま:unityadsrelease:unspecified] AndroidManifest.xml:12:5-79
	android:name
		ADDED from [わるたま:unityadsrelease:unspecified] AndroidManifest.xml:12:22-76
activity#com.unity3d.ads.android.view.UnityAdsFullscreenActivity
ADDED from [わるたま:unityadsrelease:unspecified] AndroidManifest.xml:16:9-21:46
	android:hardwareAccelerated
		ADDED from [わるたま:unityadsrelease:unspecified] AndroidManifest.xml:19:13-47
	tools:ignore
		ADDED from [わるたま:unityadsrelease:unspecified] AndroidManifest.xml:21:13-43
	android:configChanges
		ADDED from [わるたま:unityadsrelease:unspecified] AndroidManifest.xml:18:13-170
	android:theme
		ADDED from [わるたま:unityadsrelease:unspecified] AndroidManifest.xml:20:13-71
	android:name
		ADDED from [わるたま:unityadsrelease:unspecified] AndroidManifest.xml:17:13-83